Analysis & Synthesis report for top
Wed Dec 11 08:46:19 2019
Quartus Prime Version 18.1.0 Build 625 09/12/2018 SJ Lite Edition


---------------------
; Table of Contents ;
---------------------
  1. Legal Notice
  2. Analysis & Synthesis Summary
  3. Analysis & Synthesis Settings
  4. Parallel Compilation
  5. Analysis & Synthesis Source Files Read
  6. Analysis & Synthesis Resource Usage Summary
  7. Analysis & Synthesis Resource Utilization by Entity
  8. General Register Statistics
  9. Parameter Settings for User Entity Instance: Top-level Entity: |top
 10. Parameter Settings for User Entity Instance: mips:mips|datapath:dp
 11. Parameter Settings for User Entity Instance: mips:mips|datapath:dp|register_file:register
 12. Parameter Settings for User Entity Instance: imem:imem
 13. Parameter Settings for User Entity Instance: dmem:dmem
 14. Port Connectivity Checks: "mips:mips"
 15. Post-Synthesis Netlist Statistics for Top Partition
 16. Elapsed Time Per Partition
 17. Analysis & Synthesis Messages



----------------
; Legal Notice ;
----------------
Copyright (C) 2018  Intel Corporation. All rights reserved.
Your use of Intel Corporation's design tools, logic functions 
and other software and tools, and its AMPP partner logic 
functions, and any output files from any of the foregoing 
(including device programming or simulation files), and any 
associated documentation or information are expressly subject 
to the terms and conditions of the Intel Program License 
Subscription Agreement, the Intel Quartus Prime License Agreement,
the Intel FPGA IP License Agreement, or other applicable license
agreement, including, without limitation, that your use is for
the sole purpose of programming logic devices manufactured by
Intel and sold by Intel or its authorized distributors.  Please
refer to the applicable agreement for further details.



+----------------------------------------------------------------------------------+
; Analysis & Synthesis Summary                                                     ;
+------------------------------------+---------------------------------------------+
; Analysis & Synthesis Status        ; Successful - Wed Dec 11 08:46:18 2019       ;
; Quartus Prime Version              ; 18.1.0 Build 625 09/12/2018 SJ Lite Edition ;
; Revision Name                      ; top                                         ;
; Top-level Entity Name              ; top                                         ;
; Family                             ; Cyclone IV E                                ;
; Total logic elements               ; 0                                           ;
;     Total combinational functions  ; 0                                           ;
;     Dedicated logic registers      ; 0                                           ;
; Total registers                    ; 0                                           ;
; Total pins                         ; 3                                           ;
; Total virtual pins                 ; 0                                           ;
; Total memory bits                  ; 0                                           ;
; Embedded Multiplier 9-bit elements ; 0                                           ;
; Total PLLs                         ; 0                                           ;
+------------------------------------+---------------------------------------------+


+------------------------------------------------------------------------------------------------------------+
; Analysis & Synthesis Settings                                                                              ;
+------------------------------------------------------------------+--------------------+--------------------+
; Option                                                           ; Setting            ; Default Value      ;
+------------------------------------------------------------------+--------------------+--------------------+
; Device                                                           ; EP4CE115F29C7      ;                    ;
; Top-level entity name                                            ; top                ; top                ;
; Family name                                                      ; Cyclone IV E       ; Cyclone V          ;
; Use smart compilation                                            ; Off                ; Off                ;
; Enable parallel Assembler and Timing Analyzer during compilation ; On                 ; On                 ;
; Enable compact report table                                      ; Off                ; Off                ;
; Restructure Multiplexers                                         ; Auto               ; Auto               ;
; Create Debugging Nodes for IP Cores                              ; Off                ; Off                ;
; Preserve fewer node names                                        ; On                 ; On                 ;
; Intel FPGA IP Evaluation Mode                                    ; Enable             ; Enable             ;
; Verilog Version                                                  ; Verilog_2001       ; Verilog_2001       ;
; VHDL Version                                                     ; VHDL_1993          ; VHDL_1993          ;
; State Machine Processing                                         ; Auto               ; Auto               ;
; Safe State Machine                                               ; Off                ; Off                ;
; Extract Verilog State Machines                                   ; On                 ; On                 ;
; Extract VHDL State Machines                                      ; On                 ; On                 ;
; Ignore Verilog initial constructs                                ; Off                ; Off                ;
; Iteration limit for constant Verilog loops                       ; 5000               ; 5000               ;
; Iteration limit for non-constant Verilog loops                   ; 250                ; 250                ;
; Add Pass-Through Logic to Inferred RAMs                          ; On                 ; On                 ;
; Infer RAMs from Raw Logic                                        ; On                 ; On                 ;
; Parallel Synthesis                                               ; On                 ; On                 ;
; DSP Block Balancing                                              ; Auto               ; Auto               ;
; NOT Gate Push-Back                                               ; On                 ; On                 ;
; Power-Up Don't Care                                              ; On                 ; On                 ;
; Remove Redundant Logic Cells                                     ; Off                ; Off                ;
; Remove Duplicate Registers                                       ; On                 ; On                 ;
; Ignore CARRY Buffers                                             ; Off                ; Off                ;
; Ignore CASCADE Buffers                                           ; Off                ; Off                ;
; Ignore GLOBAL Buffers                                            ; Off                ; Off                ;
; Ignore ROW GLOBAL Buffers                                        ; Off                ; Off                ;
; Ignore LCELL Buffers                                             ; Off                ; Off                ;
; Ignore SOFT Buffers                                              ; On                 ; On                 ;
; Limit AHDL Integers to 32 Bits                                   ; Off                ; Off                ;
; Optimization Technique                                           ; Balanced           ; Balanced           ;
; Carry Chain Length                                               ; 70                 ; 70                 ;
; Auto Carry Chains                                                ; On                 ; On                 ;
; Auto Open-Drain Pins                                             ; On                 ; On                 ;
; Perform WYSIWYG Primitive Resynthesis                            ; Off                ; Off                ;
; Auto ROM Replacement                                             ; On                 ; On                 ;
; Auto RAM Replacement                                             ; On                 ; On                 ;
; Auto DSP Block Replacement                                       ; On                 ; On                 ;
; Auto Shift Register Replacement                                  ; Auto               ; Auto               ;
; Allow Shift Register Merging across Hierarchies                  ; Auto               ; Auto               ;
; Auto Clock Enable Replacement                                    ; On                 ; On                 ;
; Strict RAM Replacement                                           ; Off                ; Off                ;
; Allow Synchronous Control Signals                                ; On                 ; On                 ;
; Force Use of Synchronous Clear Signals                           ; Off                ; Off                ;
; Auto RAM Block Balancing                                         ; On                 ; On                 ;
; Auto RAM to Logic Cell Conversion                                ; Off                ; Off                ;
; Auto Resource Sharing                                            ; Off                ; Off                ;
; Allow Any RAM Size For Recognition                               ; Off                ; Off                ;
; Allow Any ROM Size For Recognition                               ; Off                ; Off                ;
; Allow Any Shift Register Size For Recognition                    ; Off                ; Off                ;
; Use LogicLock Constraints during Resource Balancing              ; On                 ; On                 ;
; Ignore translate_off and synthesis_off directives                ; Off                ; Off                ;
; Timing-Driven Synthesis                                          ; On                 ; On                 ;
; Report Parameter Settings                                        ; On                 ; On                 ;
; Report Source Assignments                                        ; On                 ; On                 ;
; Report Connectivity Checks                                       ; On                 ; On                 ;
; Ignore Maximum Fan-Out Assignments                               ; Off                ; Off                ;
; Synchronization Register Chain Length                            ; 2                  ; 2                  ;
; Power Optimization During Synthesis                              ; Normal compilation ; Normal compilation ;
; HDL message level                                                ; Level2             ; Level2             ;
; Suppress Register Optimization Related Messages                  ; Off                ; Off                ;
; Number of Removed Registers Reported in Synthesis Report         ; 5000               ; 5000               ;
; Number of Swept Nodes Reported in Synthesis Report               ; 5000               ; 5000               ;
; Number of Inverted Registers Reported in Synthesis Report        ; 100                ; 100                ;
; Clock MUX Protection                                             ; On                 ; On                 ;
; Auto Gated Clock Conversion                                      ; Off                ; Off                ;
; Block Design Naming                                              ; Auto               ; Auto               ;
; SDC constraint protection                                        ; Off                ; Off                ;
; Synthesis Effort                                                 ; Auto               ; Auto               ;
; Shift Register Replacement - Allow Asynchronous Clear Signal     ; On                 ; On                 ;
; Pre-Mapping Resynthesis Optimization                             ; Off                ; Off                ;
; Analysis & Synthesis Message Level                               ; Medium             ; Medium             ;
; Disable Register Merging Across Hierarchies                      ; Auto               ; Auto               ;
; Resource Aware Inference For Block RAM                           ; On                 ; On                 ;
+------------------------------------------------------------------+--------------------+--------------------+


+------------------------------------------+
; Parallel Compilation                     ;
+----------------------------+-------------+
; Processors                 ; Number      ;
+----------------------------+-------------+
; Number detected on machine ; 4           ;
; Maximum allowed            ; 2           ;
;                            ;             ;
; Average used               ; 1.00        ;
; Maximum used               ; 1           ;
;                            ;             ;
; Usage by Processor         ; % Time Used ;
;     Processor 1            ; 100.0%      ;
+----------------------------+-------------+


+------------------------------------------------------------------------------------------------------------------------------------------------------------------------------------------------------------------------------------------------------------------------------------------------------------------------------------------------------+
; Analysis & Synthesis Source Files Read                                                                                                                                                                                                                                                                                                               ;
+-----------------------------------------------------------------------------------------------------------------------------------------+-----------------+------------------------------+-------------------------------------------------------------------------------------------------------------------------------------------------+---------+
; File Name with User-Entered Path                                                                                                        ; Used in Netlist ; File Type                    ; File Name with Absolute Path                                                                                                                    ; Library ;
+-----------------------------------------------------------------------------------------------------------------------------------------+-----------------+------------------------------+-------------------------------------------------------------------------------------------------------------------------------------------------+---------+
; ../verilog/top.sv                                                                                                                       ; yes             ; User SystemVerilog HDL File  ; C:/Users/ziel_/Desktop/Disciplinas/Cicuitos Digitais II/Arquivos Praticas/circuitos-digitais-ii/proj-mips-single-cycle/verilog/top.sv           ;         ;
; ../verilog/register_file.sv                                                                                                             ; yes             ; User SystemVerilog HDL File  ; C:/Users/ziel_/Desktop/Disciplinas/Cicuitos Digitais II/Arquivos Praticas/circuitos-digitais-ii/proj-mips-single-cycle/verilog/register_file.sv ;         ;
; ../verilog/mips.sv                                                                                                                      ; yes             ; User SystemVerilog HDL File  ; C:/Users/ziel_/Desktop/Disciplinas/Cicuitos Digitais II/Arquivos Praticas/circuitos-digitais-ii/proj-mips-single-cycle/verilog/mips.sv          ;         ;
; ../verilog/imem.sv                                                                                                                      ; yes             ; User SystemVerilog HDL File  ; C:/Users/ziel_/Desktop/Disciplinas/Cicuitos Digitais II/Arquivos Praticas/circuitos-digitais-ii/proj-mips-single-cycle/verilog/imem.sv          ;         ;
; ../verilog/dmem.sv                                                                                                                      ; yes             ; User SystemVerilog HDL File  ; C:/Users/ziel_/Desktop/Disciplinas/Cicuitos Digitais II/Arquivos Praticas/circuitos-digitais-ii/proj-mips-single-cycle/verilog/dmem.sv          ;         ;
; ../verilog/datapath.sv                                                                                                                  ; yes             ; User SystemVerilog HDL File  ; C:/Users/ziel_/Desktop/Disciplinas/Cicuitos Digitais II/Arquivos Praticas/circuitos-digitais-ii/proj-mips-single-cycle/verilog/datapath.sv      ;         ;
; ../verilog/controller.sv                                                                                                                ; yes             ; User SystemVerilog HDL File  ; C:/Users/ziel_/Desktop/Disciplinas/Cicuitos Digitais II/Arquivos Praticas/circuitos-digitais-ii/proj-mips-single-cycle/verilog/controller.sv    ;         ;
; ../verilog/aludec.sv                                                                                                                    ; yes             ; User SystemVerilog HDL File  ; C:/Users/ziel_/Desktop/Disciplinas/Cicuitos Digitais II/Arquivos Praticas/circuitos-digitais-ii/proj-mips-single-cycle/verilog/aludec.sv        ;         ;
; ../verilog/alu.sv                                                                                                                       ; yes             ; User SystemVerilog HDL File  ; C:/Users/ziel_/Desktop/Disciplinas/Cicuitos Digitais II/Arquivos Praticas/circuitos-digitais-ii/proj-mips-single-cycle/verilog/alu.sv           ;         ;
; /users/ziel_/desktop/disciplinas/cicuitos digitais ii/arquivos praticas/circuitos-digitais-ii/proj-mips-single-cycle/verilog/aluop.svh  ; yes             ; Auto-Found Unspecified File  ; /users/ziel_/desktop/disciplinas/cicuitos digitais ii/arquivos praticas/circuitos-digitais-ii/proj-mips-single-cycle/verilog/aluop.svh          ;         ;
; /users/ziel_/desktop/disciplinas/cicuitos digitais ii/arquivos praticas/circuitos-digitais-ii/proj-mips-single-cycle/verilog/opcode.svh ; yes             ; Auto-Found Unspecified File  ; /users/ziel_/desktop/disciplinas/cicuitos digitais ii/arquivos praticas/circuitos-digitais-ii/proj-mips-single-cycle/verilog/opcode.svh         ;         ;
+-----------------------------------------------------------------------------------------------------------------------------------------+-----------------+------------------------------+-------------------------------------------------------------------------------------------------------------------------------------------------+---------+


+-----------------------------------------------------+
; Analysis & Synthesis Resource Usage Summary         ;
+---------------------------------------------+-------+
; Resource                                    ; Usage ;
+---------------------------------------------+-------+
;                                             ;       ;
; Total combinational functions               ; 0     ;
; Logic element usage by number of LUT inputs ;       ;
;     -- 4 input functions                    ; 0     ;
;     -- 3 input functions                    ; 0     ;
;     -- <=2 input functions                  ; 0     ;
;                                             ;       ;
; Logic elements by mode                      ;       ;
;     -- normal mode                          ; 0     ;
;     -- arithmetic mode                      ; 0     ;
;                                             ;       ;
; Total registers                             ; 0     ;
;     -- Dedicated logic registers            ; 0     ;
;     -- I/O registers                        ; 0     ;
;                                             ;       ;
; I/O pins                                    ; 3     ;
;                                             ;       ;
; Embedded Multiplier 9-bit elements          ; 0     ;
;                                             ;       ;
; Maximum fan-out node                        ; clk   ;
; Maximum fan-out                             ; 1     ;
; Total fan-out                               ; 3     ;
; Average fan-out                             ; 0.50  ;
+---------------------------------------------+-------+


+----------------------------------------------------------------------------------------------------------------------------------------------------------------------------------------------------------+
; Analysis & Synthesis Resource Utilization by Entity                                                                                                                                                      ;
+----------------------------+---------------------+---------------------------+-------------+--------------+---------+-----------+------+--------------+---------------------+-------------+--------------+
; Compilation Hierarchy Node ; Combinational ALUTs ; Dedicated Logic Registers ; Memory Bits ; DSP Elements ; DSP 9x9 ; DSP 18x18 ; Pins ; Virtual Pins ; Full Hierarchy Name ; Entity Name ; Library Name ;
+----------------------------+---------------------+---------------------------+-------------+--------------+---------+-----------+------+--------------+---------------------+-------------+--------------+
; |top                       ; 0 (0)               ; 0 (0)                     ; 0           ; 0            ; 0       ; 0         ; 3    ; 0            ; |top                ; top         ; work         ;
+----------------------------+---------------------+---------------------------+-------------+--------------+---------+-----------+------+--------------+---------------------+-------------+--------------+
Note: For table entries with two numbers listed, the numbers in parentheses indicate the number of resources of the given type used by the specific entity alone. The numbers listed outside of parentheses indicate the total resources of the given type used by the specific entity and all of its sub-entities in the hierarchy.


+------------------------------------------------------+
; General Register Statistics                          ;
+----------------------------------------------+-------+
; Statistic                                    ; Value ;
+----------------------------------------------+-------+
; Total registers                              ; 0     ;
; Number of registers using Synchronous Clear  ; 0     ;
; Number of registers using Synchronous Load   ; 0     ;
; Number of registers using Asynchronous Clear ; 0     ;
; Number of registers using Asynchronous Load  ; 0     ;
; Number of registers using Clock Enable       ; 0     ;
; Number of registers using Preset             ; 0     ;
+----------------------------------------------+-------+


+---------------------------------------------------------------------+
; Parameter Settings for User Entity Instance: Top-level Entity: |top ;
+----------------+---------------+------------------------------------+
; Parameter Name ; Value         ; Type                               ;
+----------------+---------------+------------------------------------+
; imem_init      ; full_imem.mem ; String                             ;
; dmem_init      ; full_dmem.mem ; String                             ;
+----------------+---------------+------------------------------------+
Note: In order to hide this table in the UI and the text report file, please set the "Show Parameter Settings in Synthesis Report" option in "Analysis and Synthesis Settings -> More Settings" to "Off".


+--------------------------------------------------------------------+
; Parameter Settings for User Entity Instance: mips:mips|datapath:dp ;
+----------------+-------+-------------------------------------------+
; Parameter Name ; Value ; Type                                      ;
+----------------+-------+-------------------------------------------+
; Nloc           ; 32    ; Signed Integer                            ;
; Dbits          ; 32    ; Signed Integer                            ;
+----------------+-------+-------------------------------------------+
Note: In order to hide this table in the UI and the text report file, please set the "Show Parameter Settings in Synthesis Report" option in "Analysis and Synthesis Settings -> More Settings" to "Off".


+-------------------------------------------------------------------------------------------+
; Parameter Settings for User Entity Instance: mips:mips|datapath:dp|register_file:register ;
+----------------+-------+------------------------------------------------------------------+
; Parameter Name ; Value ; Type                                                             ;
+----------------+-------+------------------------------------------------------------------+
; Nloc           ; 32    ; Signed Integer                                                   ;
; Dbits          ; 32    ; Signed Integer                                                   ;
+----------------+-------+------------------------------------------------------------------+
Note: In order to hide this table in the UI and the text report file, please set the "Show Parameter Settings in Synthesis Report" option in "Analysis and Synthesis Settings -> More Settings" to "Off".


+--------------------------------------------------------+
; Parameter Settings for User Entity Instance: imem:imem ;
+----------------+---------------+-----------------------+
; Parameter Name ; Value         ; Type                  ;
+----------------+---------------+-----------------------+
; Nloc           ; 64            ; Signed Integer        ;
; Dbits          ; 32            ; Signed Integer        ;
; initfile       ; full_imem.mem ; String                ;
+----------------+---------------+-----------------------+
Note: In order to hide this table in the UI and the text report file, please set the "Show Parameter Settings in Synthesis Report" option in "Analysis and Synthesis Settings -> More Settings" to "Off".


+--------------------------------------------------------+
; Parameter Settings for User Entity Instance: dmem:dmem ;
+----------------+---------------+-----------------------+
; Parameter Name ; Value         ; Type                  ;
+----------------+---------------+-----------------------+
; Nloc           ; 64            ; Signed Integer        ;
; Dbits          ; 32            ; Signed Integer        ;
; initfile       ; full_dmem.mem ; String                ;
+----------------+---------------+-----------------------+
Note: In order to hide this table in the UI and the text report file, please set the "Show Parameter Settings in Synthesis Report" option in "Analysis and Synthesis Settings -> More Settings" to "Off".


+--------------------------------------------------------------------------------------------------------------------------+
; Port Connectivity Checks: "mips:mips"                                                                                    ;
+----------------+--------+----------+-------------------------------------------------------------------------------------+
; Port           ; Type   ; Severity ; Details                                                                             ;
+----------------+--------+----------+-------------------------------------------------------------------------------------+
; pc[1..0]       ; Output ; Info     ; Connected to dangling logic. Logic that only feeds a dangling port will be removed. ;
; mem_addr[1..0] ; Output ; Info     ; Connected to dangling logic. Logic that only feeds a dangling port will be removed. ;
+----------------+--------+----------+-------------------------------------------------------------------------------------+


+-----------------------------------------------------+
; Post-Synthesis Netlist Statistics for Top Partition ;
+-------------------+---------------------------------+
; Type              ; Count                           ;
+-------------------+---------------------------------+
; boundary_port     ; 3                               ;
;                   ;                                 ;
; Max LUT depth     ; 0.00                            ;
; Average LUT depth ; 0.00                            ;
+-------------------+---------------------------------+


+-------------------------------+
; Elapsed Time Per Partition    ;
+----------------+--------------+
; Partition Name ; Elapsed Time ;
+----------------+--------------+
; Top            ; 00:00:00     ;
+----------------+--------------+


+-------------------------------+
; Analysis & Synthesis Messages ;
+-------------------------------+
Info: *******************************************************************
Info: Running Quartus Prime Analysis & Synthesis
    Info: Version 18.1.0 Build 625 09/12/2018 SJ Lite Edition
    Info: Processing started: Wed Dec 11 08:45:49 2019
Info: Command: quartus_map --read_settings_files=on --write_settings_files=off top -c top
Warning (18236): Number of processors has not been specified which may cause overloading on shared machines.  Set the global assignment NUM_PARALLEL_PROCESSORS in your QSF to an appropriate value for best performance.
Info (20030): Parallel compilation is enabled and will use 2 of the 2 processors detected
Info (12021): Found 1 design units, including 1 entities, in source file /users/ziel_/desktop/disciplinas/cicuitos digitais ii/arquivos praticas/circuitos-digitais-ii/proj-mips-single-cycle/verilog/top.sv
    Info (12023): Found entity 1: top File: C:/Users/ziel_/Desktop/Disciplinas/Cicuitos Digitais II/Arquivos Praticas/circuitos-digitais-ii/proj-mips-single-cycle/verilog/top.sv Line: 21
Info (12021): Found 1 design units, including 1 entities, in source file /users/ziel_/desktop/disciplinas/cicuitos digitais ii/arquivos praticas/circuitos-digitais-ii/proj-mips-single-cycle/verilog/register_file.sv
    Info (12023): Found entity 1: register_file File: C:/Users/ziel_/Desktop/Disciplinas/Cicuitos Digitais II/Arquivos Praticas/circuitos-digitais-ii/proj-mips-single-cycle/verilog/register_file.sv Line: 27
Info (12021): Found 1 design units, including 1 entities, in source file /users/ziel_/desktop/disciplinas/cicuitos digitais ii/arquivos praticas/circuitos-digitais-ii/proj-mips-single-cycle/verilog/mips.sv
    Info (12023): Found entity 1: mips File: C:/Users/ziel_/Desktop/Disciplinas/Cicuitos Digitais II/Arquivos Praticas/circuitos-digitais-ii/proj-mips-single-cycle/verilog/mips.sv Line: 29
Info (12021): Found 1 design units, including 1 entities, in source file /users/ziel_/desktop/disciplinas/cicuitos digitais ii/arquivos praticas/circuitos-digitais-ii/proj-mips-single-cycle/verilog/imem.sv
    Info (12023): Found entity 1: imem File: C:/Users/ziel_/Desktop/Disciplinas/Cicuitos Digitais II/Arquivos Praticas/circuitos-digitais-ii/proj-mips-single-cycle/verilog/imem.sv Line: 21
Info (12021): Found 1 design units, including 1 entities, in source file /users/ziel_/desktop/disciplinas/cicuitos digitais ii/arquivos praticas/circuitos-digitais-ii/proj-mips-single-cycle/verilog/dmem.sv
    Info (12023): Found entity 1: dmem File: C:/Users/ziel_/Desktop/Disciplinas/Cicuitos Digitais II/Arquivos Praticas/circuitos-digitais-ii/proj-mips-single-cycle/verilog/dmem.sv Line: 20
Info (12021): Found 1 design units, including 1 entities, in source file /users/ziel_/desktop/disciplinas/cicuitos digitais ii/arquivos praticas/circuitos-digitais-ii/proj-mips-single-cycle/verilog/datapath.sv
    Info (12023): Found entity 1: datapath File: C:/Users/ziel_/Desktop/Disciplinas/Cicuitos Digitais II/Arquivos Praticas/circuitos-digitais-ii/proj-mips-single-cycle/verilog/datapath.sv Line: 17
Info (12021): Found 1 design units, including 1 entities, in source file /users/ziel_/desktop/disciplinas/cicuitos digitais ii/arquivos praticas/circuitos-digitais-ii/proj-mips-single-cycle/verilog/controller.sv
    Info (12023): Found entity 1: controller File: C:/Users/ziel_/Desktop/Disciplinas/Cicuitos Digitais II/Arquivos Praticas/circuitos-digitais-ii/proj-mips-single-cycle/verilog/controller.sv Line: 35
Info (12021): Found 1 design units, including 1 entities, in source file /users/ziel_/desktop/disciplinas/cicuitos digitais ii/arquivos praticas/circuitos-digitais-ii/proj-mips-single-cycle/verilog/aludec.sv
    Info (12023): Found entity 1: aludec File: C:/Users/ziel_/Desktop/Disciplinas/Cicuitos Digitais II/Arquivos Praticas/circuitos-digitais-ii/proj-mips-single-cycle/verilog/aludec.sv Line: 24
Info (12021): Found 1 design units, including 1 entities, in source file /users/ziel_/desktop/disciplinas/cicuitos digitais ii/arquivos praticas/circuitos-digitais-ii/proj-mips-single-cycle/verilog/alu.sv
    Info (12023): Found entity 1: alu File: C:/Users/ziel_/Desktop/Disciplinas/Cicuitos Digitais II/Arquivos Praticas/circuitos-digitais-ii/proj-mips-single-cycle/verilog/alu.sv Line: 26
Info (12127): Elaborating entity "top" for the top level hierarchy
Info (12128): Elaborating entity "mips" for hierarchy "mips:mips" File: C:/Users/ziel_/Desktop/Disciplinas/Cicuitos Digitais II/Arquivos Praticas/circuitos-digitais-ii/proj-mips-single-cycle/verilog/top.sv Line: 31
Info (12128): Elaborating entity "controller" for hierarchy "mips:mips|controller:c" File: C:/Users/ziel_/Desktop/Disciplinas/Cicuitos Digitais II/Arquivos Praticas/circuitos-digitais-ii/proj-mips-single-cycle/verilog/mips.sv Line: 60
Info (12128): Elaborating entity "aludec" for hierarchy "mips:mips|controller:c|aludec:alu_decoder" File: C:/Users/ziel_/Desktop/Disciplinas/Cicuitos Digitais II/Arquivos Praticas/circuitos-digitais-ii/proj-mips-single-cycle/verilog/controller.sv Line: 105
Warning (10270): Verilog HDL Case Statement warning at aludec.sv(32): incomplete case statement has no default case item File: C:/Users/ziel_/Desktop/Disciplinas/Cicuitos Digitais II/Arquivos Praticas/circuitos-digitais-ii/proj-mips-single-cycle/verilog/aludec.sv Line: 32
Warning (10270): Verilog HDL Case Statement warning at aludec.sv(30): incomplete case statement has no default case item File: C:/Users/ziel_/Desktop/Disciplinas/Cicuitos Digitais II/Arquivos Praticas/circuitos-digitais-ii/proj-mips-single-cycle/verilog/aludec.sv Line: 30
Warning (10240): Verilog HDL Always Construct warning at aludec.sv(30): inferring latch(es) for variable "aluop", which holds its previous value in one or more paths through the always construct File: C:/Users/ziel_/Desktop/Disciplinas/Cicuitos Digitais II/Arquivos Praticas/circuitos-digitais-ii/proj-mips-single-cycle/verilog/aludec.sv Line: 30
Info (10041): Inferred latch for "aluop[0]" at aludec.sv(30) File: C:/Users/ziel_/Desktop/Disciplinas/Cicuitos Digitais II/Arquivos Praticas/circuitos-digitais-ii/proj-mips-single-cycle/verilog/aludec.sv Line: 30
Info (10041): Inferred latch for "aluop[1]" at aludec.sv(30) File: C:/Users/ziel_/Desktop/Disciplinas/Cicuitos Digitais II/Arquivos Praticas/circuitos-digitais-ii/proj-mips-single-cycle/verilog/aludec.sv Line: 30
Info (10041): Inferred latch for "aluop[2]" at aludec.sv(30) File: C:/Users/ziel_/Desktop/Disciplinas/Cicuitos Digitais II/Arquivos Praticas/circuitos-digitais-ii/proj-mips-single-cycle/verilog/aludec.sv Line: 30
Info (10041): Inferred latch for "aluop[3]" at aludec.sv(30) File: C:/Users/ziel_/Desktop/Disciplinas/Cicuitos Digitais II/Arquivos Praticas/circuitos-digitais-ii/proj-mips-single-cycle/verilog/aludec.sv Line: 30
Info (12128): Elaborating entity "datapath" for hierarchy "mips:mips|datapath:dp" File: C:/Users/ziel_/Desktop/Disciplinas/Cicuitos Digitais II/Arquivos Praticas/circuitos-digitais-ii/proj-mips-single-cycle/verilog/mips.sv Line: 83
Warning (10270): Verilog HDL Case Statement warning at datapath.sv(50): incomplete case statement has no default case item File: C:/Users/ziel_/Desktop/Disciplinas/Cicuitos Digitais II/Arquivos Praticas/circuitos-digitais-ii/proj-mips-single-cycle/verilog/datapath.sv Line: 50
Warning (10240): Verilog HDL Always Construct warning at datapath.sv(50): inferring latch(es) for variable "reg_writeaddr", which holds its previous value in one or more paths through the always construct File: C:/Users/ziel_/Desktop/Disciplinas/Cicuitos Digitais II/Arquivos Praticas/circuitos-digitais-ii/proj-mips-single-cycle/verilog/datapath.sv Line: 50
Warning (10270): Verilog HDL Case Statement warning at datapath.sv(58): incomplete case statement has no default case item File: C:/Users/ziel_/Desktop/Disciplinas/Cicuitos Digitais II/Arquivos Praticas/circuitos-digitais-ii/proj-mips-single-cycle/verilog/datapath.sv Line: 58
Warning (10240): Verilog HDL Always Construct warning at datapath.sv(58): inferring latch(es) for variable "reg_writedata", which holds its previous value in one or more paths through the always construct File: C:/Users/ziel_/Desktop/Disciplinas/Cicuitos Digitais II/Arquivos Praticas/circuitos-digitais-ii/proj-mips-single-cycle/verilog/datapath.sv Line: 58
Warning (10270): Verilog HDL Case Statement warning at datapath.sv(66): incomplete case statement has no default case item File: C:/Users/ziel_/Desktop/Disciplinas/Cicuitos Digitais II/Arquivos Praticas/circuitos-digitais-ii/proj-mips-single-cycle/verilog/datapath.sv Line: 66
Warning (10240): Verilog HDL Always Construct warning at datapath.sv(66): inferring latch(es) for variable "aluA", which holds its previous value in one or more paths through the always construct File: C:/Users/ziel_/Desktop/Disciplinas/Cicuitos Digitais II/Arquivos Praticas/circuitos-digitais-ii/proj-mips-single-cycle/verilog/datapath.sv Line: 66
Info (10041): Inferred latch for "aluA[0]" at datapath.sv(66) File: C:/Users/ziel_/Desktop/Disciplinas/Cicuitos Digitais II/Arquivos Praticas/circuitos-digitais-ii/proj-mips-single-cycle/verilog/datapath.sv Line: 66
Info (10041): Inferred latch for "aluA[1]" at datapath.sv(66) File: C:/Users/ziel_/Desktop/Disciplinas/Cicuitos Digitais II/Arquivos Praticas/circuitos-digitais-ii/proj-mips-single-cycle/verilog/datapath.sv Line: 66
Info (10041): Inferred latch for "aluA[2]" at datapath.sv(66) File: C:/Users/ziel_/Desktop/Disciplinas/Cicuitos Digitais II/Arquivos Praticas/circuitos-digitais-ii/proj-mips-single-cycle/verilog/datapath.sv Line: 66
Info (10041): Inferred latch for "aluA[3]" at datapath.sv(66) File: C:/Users/ziel_/Desktop/Disciplinas/Cicuitos Digitais II/Arquivos Praticas/circuitos-digitais-ii/proj-mips-single-cycle/verilog/datapath.sv Line: 66
Info (10041): Inferred latch for "aluA[4]" at datapath.sv(66) File: C:/Users/ziel_/Desktop/Disciplinas/Cicuitos Digitais II/Arquivos Praticas/circuitos-digitais-ii/proj-mips-single-cycle/verilog/datapath.sv Line: 66
Info (10041): Inferred latch for "aluA[5]" at datapath.sv(66) File: C:/Users/ziel_/Desktop/Disciplinas/Cicuitos Digitais II/Arquivos Praticas/circuitos-digitais-ii/proj-mips-single-cycle/verilog/datapath.sv Line: 66
Info (10041): Inferred latch for "aluA[6]" at datapath.sv(66) File: C:/Users/ziel_/Desktop/Disciplinas/Cicuitos Digitais II/Arquivos Praticas/circuitos-digitais-ii/proj-mips-single-cycle/verilog/datapath.sv Line: 66
Info (10041): Inferred latch for "aluA[7]" at datapath.sv(66) File: C:/Users/ziel_/Desktop/Disciplinas/Cicuitos Digitais II/Arquivos Praticas/circuitos-digitais-ii/proj-mips-single-cycle/verilog/datapath.sv Line: 66
Info (10041): Inferred latch for "aluA[8]" at datapath.sv(66) File: C:/Users/ziel_/Desktop/Disciplinas/Cicuitos Digitais II/Arquivos Praticas/circuitos-digitais-ii/proj-mips-single-cycle/verilog/datapath.sv Line: 66
Info (10041): Inferred latch for "aluA[9]" at datapath.sv(66) File: C:/Users/ziel_/Desktop/Disciplinas/Cicuitos Digitais II/Arquivos Praticas/circuitos-digitais-ii/proj-mips-single-cycle/verilog/datapath.sv Line: 66
Info (10041): Inferred latch for "aluA[10]" at datapath.sv(66) File: C:/Users/ziel_/Desktop/Disciplinas/Cicuitos Digitais II/Arquivos Praticas/circuitos-digitais-ii/proj-mips-single-cycle/verilog/datapath.sv Line: 66
Info (10041): Inferred latch for "aluA[11]" at datapath.sv(66) File: C:/Users/ziel_/Desktop/Disciplinas/Cicuitos Digitais II/Arquivos Praticas/circuitos-digitais-ii/proj-mips-single-cycle/verilog/datapath.sv Line: 66
Info (10041): Inferred latch for "aluA[12]" at datapath.sv(66) File: C:/Users/ziel_/Desktop/Disciplinas/Cicuitos Digitais II/Arquivos Praticas/circuitos-digitais-ii/proj-mips-single-cycle/verilog/datapath.sv Line: 66
Info (10041): Inferred latch for "aluA[13]" at datapath.sv(66) File: C:/Users/ziel_/Desktop/Disciplinas/Cicuitos Digitais II/Arquivos Praticas/circuitos-digitais-ii/proj-mips-single-cycle/verilog/datapath.sv Line: 66
Info (10041): Inferred latch for "aluA[14]" at datapath.sv(66) File: C:/Users/ziel_/Desktop/Disciplinas/Cicuitos Digitais II/Arquivos Praticas/circuitos-digitais-ii/proj-mips-single-cycle/verilog/datapath.sv Line: 66
Info (10041): Inferred latch for "aluA[15]" at datapath.sv(66) File: C:/Users/ziel_/Desktop/Disciplinas/Cicuitos Digitais II/Arquivos Praticas/circuitos-digitais-ii/proj-mips-single-cycle/verilog/datapath.sv Line: 66
Info (10041): Inferred latch for "aluA[16]" at datapath.sv(66) File: C:/Users/ziel_/Desktop/Disciplinas/Cicuitos Digitais II/Arquivos Praticas/circuitos-digitais-ii/proj-mips-single-cycle/verilog/datapath.sv Line: 66
Info (10041): Inferred latch for "aluA[17]" at datapath.sv(66) File: C:/Users/ziel_/Desktop/Disciplinas/Cicuitos Digitais II/Arquivos Praticas/circuitos-digitais-ii/proj-mips-single-cycle/verilog/datapath.sv Line: 66
Info (10041): Inferred latch for "aluA[18]" at datapath.sv(66) File: C:/Users/ziel_/Desktop/Disciplinas/Cicuitos Digitais II/Arquivos Praticas/circuitos-digitais-ii/proj-mips-single-cycle/verilog/datapath.sv Line: 66
Info (10041): Inferred latch for "aluA[19]" at datapath.sv(66) File: C:/Users/ziel_/Desktop/Disciplinas/Cicuitos Digitais II/Arquivos Praticas/circuitos-digitais-ii/proj-mips-single-cycle/verilog/datapath.sv Line: 66
Info (10041): Inferred latch for "aluA[20]" at datapath.sv(66) File: C:/Users/ziel_/Desktop/Disciplinas/Cicuitos Digitais II/Arquivos Praticas/circuitos-digitais-ii/proj-mips-single-cycle/verilog/datapath.sv Line: 66
Info (10041): Inferred latch for "aluA[21]" at datapath.sv(66) File: C:/Users/ziel_/Desktop/Disciplinas/Cicuitos Digitais II/Arquivos Praticas/circuitos-digitais-ii/proj-mips-single-cycle/verilog/datapath.sv Line: 66
Info (10041): Inferred latch for "aluA[22]" at datapath.sv(66) File: C:/Users/ziel_/Desktop/Disciplinas/Cicuitos Digitais II/Arquivos Praticas/circuitos-digitais-ii/proj-mips-single-cycle/verilog/datapath.sv Line: 66
Info (10041): Inferred latch for "aluA[23]" at datapath.sv(66) File: C:/Users/ziel_/Desktop/Disciplinas/Cicuitos Digitais II/Arquivos Praticas/circuitos-digitais-ii/proj-mips-single-cycle/verilog/datapath.sv Line: 66
Info (10041): Inferred latch for "aluA[24]" at datapath.sv(66) File: C:/Users/ziel_/Desktop/Disciplinas/Cicuitos Digitais II/Arquivos Praticas/circuitos-digitais-ii/proj-mips-single-cycle/verilog/datapath.sv Line: 66
Info (10041): Inferred latch for "aluA[25]" at datapath.sv(66) File: C:/Users/ziel_/Desktop/Disciplinas/Cicuitos Digitais II/Arquivos Praticas/circuitos-digitais-ii/proj-mips-single-cycle/verilog/datapath.sv Line: 66
Info (10041): Inferred latch for "aluA[26]" at datapath.sv(66) File: C:/Users/ziel_/Desktop/Disciplinas/Cicuitos Digitais II/Arquivos Praticas/circuitos-digitais-ii/proj-mips-single-cycle/verilog/datapath.sv Line: 66
Info (10041): Inferred latch for "aluA[27]" at datapath.sv(66) File: C:/Users/ziel_/Desktop/Disciplinas/Cicuitos Digitais II/Arquivos Praticas/circuitos-digitais-ii/proj-mips-single-cycle/verilog/datapath.sv Line: 66
Info (10041): Inferred latch for "aluA[28]" at datapath.sv(66) File: C:/Users/ziel_/Desktop/Disciplinas/Cicuitos Digitais II/Arquivos Praticas/circuitos-digitais-ii/proj-mips-single-cycle/verilog/datapath.sv Line: 66
Info (10041): Inferred latch for "aluA[29]" at datapath.sv(66) File: C:/Users/ziel_/Desktop/Disciplinas/Cicuitos Digitais II/Arquivos Praticas/circuitos-digitais-ii/proj-mips-single-cycle/verilog/datapath.sv Line: 66
Info (10041): Inferred latch for "aluA[30]" at datapath.sv(66) File: C:/Users/ziel_/Desktop/Disciplinas/Cicuitos Digitais II/Arquivos Praticas/circuitos-digitais-ii/proj-mips-single-cycle/verilog/datapath.sv Line: 66
Info (10041): Inferred latch for "aluA[31]" at datapath.sv(66) File: C:/Users/ziel_/Desktop/Disciplinas/Cicuitos Digitais II/Arquivos Praticas/circuitos-digitais-ii/proj-mips-single-cycle/verilog/datapath.sv Line: 66
Info (10041): Inferred latch for "reg_writedata[0]" at datapath.sv(58) File: C:/Users/ziel_/Desktop/Disciplinas/Cicuitos Digitais II/Arquivos Praticas/circuitos-digitais-ii/proj-mips-single-cycle/verilog/datapath.sv Line: 58
Info (10041): Inferred latch for "reg_writedata[1]" at datapath.sv(58) File: C:/Users/ziel_/Desktop/Disciplinas/Cicuitos Digitais II/Arquivos Praticas/circuitos-digitais-ii/proj-mips-single-cycle/verilog/datapath.sv Line: 58
Info (10041): Inferred latch for "reg_writedata[2]" at datapath.sv(58) File: C:/Users/ziel_/Desktop/Disciplinas/Cicuitos Digitais II/Arquivos Praticas/circuitos-digitais-ii/proj-mips-single-cycle/verilog/datapath.sv Line: 58
Info (10041): Inferred latch for "reg_writedata[3]" at datapath.sv(58) File: C:/Users/ziel_/Desktop/Disciplinas/Cicuitos Digitais II/Arquivos Praticas/circuitos-digitais-ii/proj-mips-single-cycle/verilog/datapath.sv Line: 58
Info (10041): Inferred latch for "reg_writedata[4]" at datapath.sv(58) File: C:/Users/ziel_/Desktop/Disciplinas/Cicuitos Digitais II/Arquivos Praticas/circuitos-digitais-ii/proj-mips-single-cycle/verilog/datapath.sv Line: 58
Info (10041): Inferred latch for "reg_writedata[5]" at datapath.sv(58) File: C:/Users/ziel_/Desktop/Disciplinas/Cicuitos Digitais II/Arquivos Praticas/circuitos-digitais-ii/proj-mips-single-cycle/verilog/datapath.sv Line: 58
Info (10041): Inferred latch for "reg_writedata[6]" at datapath.sv(58) File: C:/Users/ziel_/Desktop/Disciplinas/Cicuitos Digitais II/Arquivos Praticas/circuitos-digitais-ii/proj-mips-single-cycle/verilog/datapath.sv Line: 58
Info (10041): Inferred latch for "reg_writedata[7]" at datapath.sv(58) File: C:/Users/ziel_/Desktop/Disciplinas/Cicuitos Digitais II/Arquivos Praticas/circuitos-digitais-ii/proj-mips-single-cycle/verilog/datapath.sv Line: 58
Info (10041): Inferred latch for "reg_writedata[8]" at datapath.sv(58) File: C:/Users/ziel_/Desktop/Disciplinas/Cicuitos Digitais II/Arquivos Praticas/circuitos-digitais-ii/proj-mips-single-cycle/verilog/datapath.sv Line: 58
Info (10041): Inferred latch for "reg_writedata[9]" at datapath.sv(58) File: C:/Users/ziel_/Desktop/Disciplinas/Cicuitos Digitais II/Arquivos Praticas/circuitos-digitais-ii/proj-mips-single-cycle/verilog/datapath.sv Line: 58
Info (10041): Inferred latch for "reg_writedata[10]" at datapath.sv(58) File: C:/Users/ziel_/Desktop/Disciplinas/Cicuitos Digitais II/Arquivos Praticas/circuitos-digitais-ii/proj-mips-single-cycle/verilog/datapath.sv Line: 58
Info (10041): Inferred latch for "reg_writedata[11]" at datapath.sv(58) File: C:/Users/ziel_/Desktop/Disciplinas/Cicuitos Digitais II/Arquivos Praticas/circuitos-digitais-ii/proj-mips-single-cycle/verilog/datapath.sv Line: 58
Info (10041): Inferred latch for "reg_writedata[12]" at datapath.sv(58) File: C:/Users/ziel_/Desktop/Disciplinas/Cicuitos Digitais II/Arquivos Praticas/circuitos-digitais-ii/proj-mips-single-cycle/verilog/datapath.sv Line: 58
Info (10041): Inferred latch for "reg_writedata[13]" at datapath.sv(58) File: C:/Users/ziel_/Desktop/Disciplinas/Cicuitos Digitais II/Arquivos Praticas/circuitos-digitais-ii/proj-mips-single-cycle/verilog/datapath.sv Line: 58
Info (10041): Inferred latch for "reg_writedata[14]" at datapath.sv(58) File: C:/Users/ziel_/Desktop/Disciplinas/Cicuitos Digitais II/Arquivos Praticas/circuitos-digitais-ii/proj-mips-single-cycle/verilog/datapath.sv Line: 58
Info (10041): Inferred latch for "reg_writedata[15]" at datapath.sv(58) File: C:/Users/ziel_/Desktop/Disciplinas/Cicuitos Digitais II/Arquivos Praticas/circuitos-digitais-ii/proj-mips-single-cycle/verilog/datapath.sv Line: 58
Info (10041): Inferred latch for "reg_writedata[16]" at datapath.sv(58) File: C:/Users/ziel_/Desktop/Disciplinas/Cicuitos Digitais II/Arquivos Praticas/circuitos-digitais-ii/proj-mips-single-cycle/verilog/datapath.sv Line: 58
Info (10041): Inferred latch for "reg_writedata[17]" at datapath.sv(58) File: C:/Users/ziel_/Desktop/Disciplinas/Cicuitos Digitais II/Arquivos Praticas/circuitos-digitais-ii/proj-mips-single-cycle/verilog/datapath.sv Line: 58
Info (10041): Inferred latch for "reg_writedata[18]" at datapath.sv(58) File: C:/Users/ziel_/Desktop/Disciplinas/Cicuitos Digitais II/Arquivos Praticas/circuitos-digitais-ii/proj-mips-single-cycle/verilog/datapath.sv Line: 58
Info (10041): Inferred latch for "reg_writedata[19]" at datapath.sv(58) File: C:/Users/ziel_/Desktop/Disciplinas/Cicuitos Digitais II/Arquivos Praticas/circuitos-digitais-ii/proj-mips-single-cycle/verilog/datapath.sv Line: 58
Info (10041): Inferred latch for "reg_writedata[20]" at datapath.sv(58) File: C:/Users/ziel_/Desktop/Disciplinas/Cicuitos Digitais II/Arquivos Praticas/circuitos-digitais-ii/proj-mips-single-cycle/verilog/datapath.sv Line: 58
Info (10041): Inferred latch for "reg_writedata[21]" at datapath.sv(58) File: C:/Users/ziel_/Desktop/Disciplinas/Cicuitos Digitais II/Arquivos Praticas/circuitos-digitais-ii/proj-mips-single-cycle/verilog/datapath.sv Line: 58
Info (10041): Inferred latch for "reg_writedata[22]" at datapath.sv(58) File: C:/Users/ziel_/Desktop/Disciplinas/Cicuitos Digitais II/Arquivos Praticas/circuitos-digitais-ii/proj-mips-single-cycle/verilog/datapath.sv Line: 58
Info (10041): Inferred latch for "reg_writedata[23]" at datapath.sv(58) File: C:/Users/ziel_/Desktop/Disciplinas/Cicuitos Digitais II/Arquivos Praticas/circuitos-digitais-ii/proj-mips-single-cycle/verilog/datapath.sv Line: 58
Info (10041): Inferred latch for "reg_writedata[24]" at datapath.sv(58) File: C:/Users/ziel_/Desktop/Disciplinas/Cicuitos Digitais II/Arquivos Praticas/circuitos-digitais-ii/proj-mips-single-cycle/verilog/datapath.sv Line: 58
Info (10041): Inferred latch for "reg_writedata[25]" at datapath.sv(58) File: C:/Users/ziel_/Desktop/Disciplinas/Cicuitos Digitais II/Arquivos Praticas/circuitos-digitais-ii/proj-mips-single-cycle/verilog/datapath.sv Line: 58
Info (10041): Inferred latch for "reg_writedata[26]" at datapath.sv(58) File: C:/Users/ziel_/Desktop/Disciplinas/Cicuitos Digitais II/Arquivos Praticas/circuitos-digitais-ii/proj-mips-single-cycle/verilog/datapath.sv Line: 58
Info (10041): Inferred latch for "reg_writedata[27]" at datapath.sv(58) File: C:/Users/ziel_/Desktop/Disciplinas/Cicuitos Digitais II/Arquivos Praticas/circuitos-digitais-ii/proj-mips-single-cycle/verilog/datapath.sv Line: 58
Info (10041): Inferred latch for "reg_writedata[28]" at datapath.sv(58) File: C:/Users/ziel_/Desktop/Disciplinas/Cicuitos Digitais II/Arquivos Praticas/circuitos-digitais-ii/proj-mips-single-cycle/verilog/datapath.sv Line: 58
Info (10041): Inferred latch for "reg_writedata[29]" at datapath.sv(58) File: C:/Users/ziel_/Desktop/Disciplinas/Cicuitos Digitais II/Arquivos Praticas/circuitos-digitais-ii/proj-mips-single-cycle/verilog/datapath.sv Line: 58
Info (10041): Inferred latch for "reg_writedata[30]" at datapath.sv(58) File: C:/Users/ziel_/Desktop/Disciplinas/Cicuitos Digitais II/Arquivos Praticas/circuitos-digitais-ii/proj-mips-single-cycle/verilog/datapath.sv Line: 58
Info (10041): Inferred latch for "reg_writedata[31]" at datapath.sv(58) File: C:/Users/ziel_/Desktop/Disciplinas/Cicuitos Digitais II/Arquivos Praticas/circuitos-digitais-ii/proj-mips-single-cycle/verilog/datapath.sv Line: 58
Info (10041): Inferred latch for "reg_writeaddr[0]" at datapath.sv(50) File: C:/Users/ziel_/Desktop/Disciplinas/Cicuitos Digitais II/Arquivos Praticas/circuitos-digitais-ii/proj-mips-single-cycle/verilog/datapath.sv Line: 50
Info (10041): Inferred latch for "reg_writeaddr[1]" at datapath.sv(50) File: C:/Users/ziel_/Desktop/Disciplinas/Cicuitos Digitais II/Arquivos Praticas/circuitos-digitais-ii/proj-mips-single-cycle/verilog/datapath.sv Line: 50
Info (10041): Inferred latch for "reg_writeaddr[2]" at datapath.sv(50) File: C:/Users/ziel_/Desktop/Disciplinas/Cicuitos Digitais II/Arquivos Praticas/circuitos-digitais-ii/proj-mips-single-cycle/verilog/datapath.sv Line: 50
Info (10041): Inferred latch for "reg_writeaddr[3]" at datapath.sv(50) File: C:/Users/ziel_/Desktop/Disciplinas/Cicuitos Digitais II/Arquivos Praticas/circuitos-digitais-ii/proj-mips-single-cycle/verilog/datapath.sv Line: 50
Info (10041): Inferred latch for "reg_writeaddr[4]" at datapath.sv(50) File: C:/Users/ziel_/Desktop/Disciplinas/Cicuitos Digitais II/Arquivos Praticas/circuitos-digitais-ii/proj-mips-single-cycle/verilog/datapath.sv Line: 50
Info (12128): Elaborating entity "register_file" for hierarchy "mips:mips|datapath:dp|register_file:register" File: C:/Users/ziel_/Desktop/Disciplinas/Cicuitos Digitais II/Arquivos Praticas/circuitos-digitais-ii/proj-mips-single-cycle/verilog/datapath.sv Line: 121
Info (12128): Elaborating entity "alu" for hierarchy "mips:mips|datapath:dp|alu:ALU" File: C:/Users/ziel_/Desktop/Disciplinas/Cicuitos Digitais II/Arquivos Praticas/circuitos-digitais-ii/proj-mips-single-cycle/verilog/datapath.sv Line: 130
Warning (10270): Verilog HDL Case Statement warning at alu.sv(35): incomplete case statement has no default case item File: C:/Users/ziel_/Desktop/Disciplinas/Cicuitos Digitais II/Arquivos Praticas/circuitos-digitais-ii/proj-mips-single-cycle/verilog/alu.sv Line: 35
Warning (10240): Verilog HDL Always Construct warning at alu.sv(35): inferring latch(es) for variable "out", which holds its previous value in one or more paths through the always construct File: C:/Users/ziel_/Desktop/Disciplinas/Cicuitos Digitais II/Arquivos Praticas/circuitos-digitais-ii/proj-mips-single-cycle/verilog/alu.sv Line: 35
Info (10041): Inferred latch for "out[0]" at alu.sv(35) File: C:/Users/ziel_/Desktop/Disciplinas/Cicuitos Digitais II/Arquivos Praticas/circuitos-digitais-ii/proj-mips-single-cycle/verilog/alu.sv Line: 35
Info (10041): Inferred latch for "out[1]" at alu.sv(35) File: C:/Users/ziel_/Desktop/Disciplinas/Cicuitos Digitais II/Arquivos Praticas/circuitos-digitais-ii/proj-mips-single-cycle/verilog/alu.sv Line: 35
Info (10041): Inferred latch for "out[2]" at alu.sv(35) File: C:/Users/ziel_/Desktop/Disciplinas/Cicuitos Digitais II/Arquivos Praticas/circuitos-digitais-ii/proj-mips-single-cycle/verilog/alu.sv Line: 35
Info (10041): Inferred latch for "out[3]" at alu.sv(35) File: C:/Users/ziel_/Desktop/Disciplinas/Cicuitos Digitais II/Arquivos Praticas/circuitos-digitais-ii/proj-mips-single-cycle/verilog/alu.sv Line: 35
Info (10041): Inferred latch for "out[4]" at alu.sv(35) File: C:/Users/ziel_/Desktop/Disciplinas/Cicuitos Digitais II/Arquivos Praticas/circuitos-digitais-ii/proj-mips-single-cycle/verilog/alu.sv Line: 35
Info (10041): Inferred latch for "out[5]" at alu.sv(35) File: C:/Users/ziel_/Desktop/Disciplinas/Cicuitos Digitais II/Arquivos Praticas/circuitos-digitais-ii/proj-mips-single-cycle/verilog/alu.sv Line: 35
Info (10041): Inferred latch for "out[6]" at alu.sv(35) File: C:/Users/ziel_/Desktop/Disciplinas/Cicuitos Digitais II/Arquivos Praticas/circuitos-digitais-ii/proj-mips-single-cycle/verilog/alu.sv Line: 35
Info (10041): Inferred latch for "out[7]" at alu.sv(35) File: C:/Users/ziel_/Desktop/Disciplinas/Cicuitos Digitais II/Arquivos Praticas/circuitos-digitais-ii/proj-mips-single-cycle/verilog/alu.sv Line: 35
Info (10041): Inferred latch for "out[8]" at alu.sv(35) File: C:/Users/ziel_/Desktop/Disciplinas/Cicuitos Digitais II/Arquivos Praticas/circuitos-digitais-ii/proj-mips-single-cycle/verilog/alu.sv Line: 35
Info (10041): Inferred latch for "out[9]" at alu.sv(35) File: C:/Users/ziel_/Desktop/Disciplinas/Cicuitos Digitais II/Arquivos Praticas/circuitos-digitais-ii/proj-mips-single-cycle/verilog/alu.sv Line: 35
Info (10041): Inferred latch for "out[10]" at alu.sv(35) File: C:/Users/ziel_/Desktop/Disciplinas/Cicuitos Digitais II/Arquivos Praticas/circuitos-digitais-ii/proj-mips-single-cycle/verilog/alu.sv Line: 35
Info (10041): Inferred latch for "out[11]" at alu.sv(35) File: C:/Users/ziel_/Desktop/Disciplinas/Cicuitos Digitais II/Arquivos Praticas/circuitos-digitais-ii/proj-mips-single-cycle/verilog/alu.sv Line: 35
Info (10041): Inferred latch for "out[12]" at alu.sv(35) File: C:/Users/ziel_/Desktop/Disciplinas/Cicuitos Digitais II/Arquivos Praticas/circuitos-digitais-ii/proj-mips-single-cycle/verilog/alu.sv Line: 35
Info (10041): Inferred latch for "out[13]" at alu.sv(35) File: C:/Users/ziel_/Desktop/Disciplinas/Cicuitos Digitais II/Arquivos Praticas/circuitos-digitais-ii/proj-mips-single-cycle/verilog/alu.sv Line: 35
Info (10041): Inferred latch for "out[14]" at alu.sv(35) File: C:/Users/ziel_/Desktop/Disciplinas/Cicuitos Digitais II/Arquivos Praticas/circuitos-digitais-ii/proj-mips-single-cycle/verilog/alu.sv Line: 35
Info (10041): Inferred latch for "out[15]" at alu.sv(35) File: C:/Users/ziel_/Desktop/Disciplinas/Cicuitos Digitais II/Arquivos Praticas/circuitos-digitais-ii/proj-mips-single-cycle/verilog/alu.sv Line: 35
Info (10041): Inferred latch for "out[16]" at alu.sv(35) File: C:/Users/ziel_/Desktop/Disciplinas/Cicuitos Digitais II/Arquivos Praticas/circuitos-digitais-ii/proj-mips-single-cycle/verilog/alu.sv Line: 35
Info (10041): Inferred latch for "out[17]" at alu.sv(35) File: C:/Users/ziel_/Desktop/Disciplinas/Cicuitos Digitais II/Arquivos Praticas/circuitos-digitais-ii/proj-mips-single-cycle/verilog/alu.sv Line: 35
Info (10041): Inferred latch for "out[18]" at alu.sv(35) File: C:/Users/ziel_/Desktop/Disciplinas/Cicuitos Digitais II/Arquivos Praticas/circuitos-digitais-ii/proj-mips-single-cycle/verilog/alu.sv Line: 35
Info (10041): Inferred latch for "out[19]" at alu.sv(35) File: C:/Users/ziel_/Desktop/Disciplinas/Cicuitos Digitais II/Arquivos Praticas/circuitos-digitais-ii/proj-mips-single-cycle/verilog/alu.sv Line: 35
Info (10041): Inferred latch for "out[20]" at alu.sv(35) File: C:/Users/ziel_/Desktop/Disciplinas/Cicuitos Digitais II/Arquivos Praticas/circuitos-digitais-ii/proj-mips-single-cycle/verilog/alu.sv Line: 35
Info (10041): Inferred latch for "out[21]" at alu.sv(35) File: C:/Users/ziel_/Desktop/Disciplinas/Cicuitos Digitais II/Arquivos Praticas/circuitos-digitais-ii/proj-mips-single-cycle/verilog/alu.sv Line: 35
Info (10041): Inferred latch for "out[22]" at alu.sv(35) File: C:/Users/ziel_/Desktop/Disciplinas/Cicuitos Digitais II/Arquivos Praticas/circuitos-digitais-ii/proj-mips-single-cycle/verilog/alu.sv Line: 35
Info (10041): Inferred latch for "out[23]" at alu.sv(35) File: C:/Users/ziel_/Desktop/Disciplinas/Cicuitos Digitais II/Arquivos Praticas/circuitos-digitais-ii/proj-mips-single-cycle/verilog/alu.sv Line: 35
Info (10041): Inferred latch for "out[24]" at alu.sv(35) File: C:/Users/ziel_/Desktop/Disciplinas/Cicuitos Digitais II/Arquivos Praticas/circuitos-digitais-ii/proj-mips-single-cycle/verilog/alu.sv Line: 35
Info (10041): Inferred latch for "out[25]" at alu.sv(35) File: C:/Users/ziel_/Desktop/Disciplinas/Cicuitos Digitais II/Arquivos Praticas/circuitos-digitais-ii/proj-mips-single-cycle/verilog/alu.sv Line: 35
Info (10041): Inferred latch for "out[26]" at alu.sv(35) File: C:/Users/ziel_/Desktop/Disciplinas/Cicuitos Digitais II/Arquivos Praticas/circuitos-digitais-ii/proj-mips-single-cycle/verilog/alu.sv Line: 35
Info (10041): Inferred latch for "out[27]" at alu.sv(35) File: C:/Users/ziel_/Desktop/Disciplinas/Cicuitos Digitais II/Arquivos Praticas/circuitos-digitais-ii/proj-mips-single-cycle/verilog/alu.sv Line: 35
Info (10041): Inferred latch for "out[28]" at alu.sv(35) File: C:/Users/ziel_/Desktop/Disciplinas/Cicuitos Digitais II/Arquivos Praticas/circuitos-digitais-ii/proj-mips-single-cycle/verilog/alu.sv Line: 35
Info (10041): Inferred latch for "out[29]" at alu.sv(35) File: C:/Users/ziel_/Desktop/Disciplinas/Cicuitos Digitais II/Arquivos Praticas/circuitos-digitais-ii/proj-mips-single-cycle/verilog/alu.sv Line: 35
Info (10041): Inferred latch for "out[30]" at alu.sv(35) File: C:/Users/ziel_/Desktop/Disciplinas/Cicuitos Digitais II/Arquivos Praticas/circuitos-digitais-ii/proj-mips-single-cycle/verilog/alu.sv Line: 35
Info (10041): Inferred latch for "out[31]" at alu.sv(35) File: C:/Users/ziel_/Desktop/Disciplinas/Cicuitos Digitais II/Arquivos Praticas/circuitos-digitais-ii/proj-mips-single-cycle/verilog/alu.sv Line: 35
Info (12128): Elaborating entity "imem" for hierarchy "imem:imem" File: C:/Users/ziel_/Desktop/Disciplinas/Cicuitos Digitais II/Arquivos Praticas/circuitos-digitais-ii/proj-mips-single-cycle/verilog/top.sv Line: 33
Warning (10850): Verilog HDL warning at imem.sv(31): number of words (59) in memory file does not match the number of elements in the address range [0:63] File: C:/Users/ziel_/Desktop/Disciplinas/Cicuitos Digitais II/Arquivos Praticas/circuitos-digitais-ii/proj-mips-single-cycle/verilog/imem.sv Line: 31
Warning (10030): Net "mem.data_a" at imem.sv(30) has no driver or initial value, using a default initial value '0' File: C:/Users/ziel_/Desktop/Disciplinas/Cicuitos Digitais II/Arquivos Praticas/circuitos-digitais-ii/proj-mips-single-cycle/verilog/imem.sv Line: 30
Warning (10030): Net "mem.waddr_a" at imem.sv(30) has no driver or initial value, using a default initial value '0' File: C:/Users/ziel_/Desktop/Disciplinas/Cicuitos Digitais II/Arquivos Praticas/circuitos-digitais-ii/proj-mips-single-cycle/verilog/imem.sv Line: 30
Warning (10030): Net "mem.we_a" at imem.sv(30) has no driver or initial value, using a default initial value '0' File: C:/Users/ziel_/Desktop/Disciplinas/Cicuitos Digitais II/Arquivos Praticas/circuitos-digitais-ii/proj-mips-single-cycle/verilog/imem.sv Line: 30
Info (12128): Elaborating entity "dmem" for hierarchy "dmem:dmem" File: C:/Users/ziel_/Desktop/Disciplinas/Cicuitos Digitais II/Arquivos Praticas/circuitos-digitais-ii/proj-mips-single-cycle/verilog/top.sv Line: 36
Warning (10850): Verilog HDL warning at dmem.sv(33): number of words (2) in memory file does not match the number of elements in the address range [0:63] File: C:/Users/ziel_/Desktop/Disciplinas/Cicuitos Digitais II/Arquivos Praticas/circuitos-digitais-ii/proj-mips-single-cycle/verilog/dmem.sv Line: 33
Info (16010): Generating hard_block partition "hard_block:auto_generated_inst"
    Info (16011): Adding 0 node(s), including 0 DDIO, 0 PLL, 0 transceiver and 0 LCELL
Warning (21074): Design contains 3 input pin(s) that do not drive logic
    Warning (15610): No output dependent on input pin "clk" File: C:/Users/ziel_/Desktop/Disciplinas/Cicuitos Digitais II/Arquivos Praticas/circuitos-digitais-ii/proj-mips-single-cycle/verilog/top.sv Line: 25
    Warning (15610): No output dependent on input pin "reset" File: C:/Users/ziel_/Desktop/Disciplinas/Cicuitos Digitais II/Arquivos Praticas/circuitos-digitais-ii/proj-mips-single-cycle/verilog/top.sv Line: 25
    Warning (15610): No output dependent on input pin "enable" File: C:/Users/ziel_/Desktop/Disciplinas/Cicuitos Digitais II/Arquivos Praticas/circuitos-digitais-ii/proj-mips-single-cycle/verilog/top.sv Line: 26
Info (21057): Implemented 3 device resources after synthesis - the final resource count might be different
    Info (21058): Implemented 3 input pins
    Info (21059): Implemented 0 output pins
Info: Quartus Prime Analysis & Synthesis was successful. 0 errors, 21 warnings
    Info: Peak virtual memory: 4752 megabytes
    Info: Processing ended: Wed Dec 11 08:46:19 2019
    Info: Elapsed time: 00:00:30
    Info: Total CPU time (on all processors): 00:00:52


